Arguments: 
  C:\Program Files\nodejs\node.exe C:\Program Files\nodejs\node_modules\yarn\bin\yarn.js start

PATH: 
  C:\Program Files\Git\mingw64\bin;C:\Program Files\Git\usr\bin;C:\Users\Vale\bin;C:\Program Files (x86)\Common Files\Oracle\Java\javapath;C:\ProgramData\Oracle\Java\javapath;C:\Program Files\Common Files\Microsoft Shared\Windows Live;C:\Program Files (x86)\Common Files\Microsoft Shared\Windows Live;C:\windows\system32;C:\windows;C:\windows\System32\Wbem;C:\windows\System32\WindowsPowerShell\v1.0;C:\Program Files\Lenovo\Bluetooth Software;C:\Program Files\Lenovo\Bluetooth Software\syswow64;C:\Program Files (x86)\Windows Live\Shared;C:\Program Files\Git\cmd;E:\Workspace;C:\Program Files (x86)\Skype\Phone;C:\Program Files (x86)\Windows Kits\8.1\Windows Performance Toolkit;C:\Users\Vale\AppData\Roaming\nvm;C:\Program Files\nodejs;C:\Cmder;C:\Program Files (x86)\Vim\vim80;C:\Users\Vale\AppData\Local\atom\bin;C:\cmder;C:\Python27;C:\Python27\Scripts;C:\Program Files\Java\jdk1.8.0_121\bin;E:\Workspace;C:\Users\Vale\AppData\Local\Yarn\bin;C:\Program Files\Docker Toolbox;C:\Program Files (x86)\Microsoft VS Code\bin;C:\Users\Vale\A;C:\Program Files\PuTTY;C:\Program Files (x86)\Yarn\bin;C:\ProgramData\chocolatey\bin;C:\Program Files (x86)\PDFtk\bin;C:\Cmder;C:\Program Files (x86)\Vim\vim80;C:\Users\Vale\AppData\Local\atom\bin;C:\cmder;C:\Python27;C:\Python27\Scripts;C:\Program Files\Java\jdk1.8.0_121\bin;E:\Workspace;C:\Program Files (x86)\Microsoft VS Code\bin;C:\Users\Vale\AppData\Roaming\nvm;C:\Program Files (x86)\Nmap;C:\Program Files\PostgreSQL\9.6\bin;C:\Users\Vale\AppData\Roaming\nvm;C:\Program Files\nodejs;C:\Users\Vale\AppData\Roaming\npm;C:\Program Files\Heroku\bin;C:\Program Files\Docker Toolbox;C:\Users\Vale\AppData\Local\Yarn\bin;C:\path\to\AndroidSDK\tools;C:\path\to\AndroidSDK\platform-tools;C:\Users\Vale\AppData\Local\Programs\Python\Python36-32

Yarn version: 
  1.5.1

Node version: 
  8.9.4

Platform: 
  win32 x64

npm manifest: 
  {
    "name": "sequelize-example",
    "version": "1.0.0",
    "main": "index.js",
    "license": "MIT",
    "dependencies": {
      "aws-sdk": "^2.254.1",
      "babel": "^6.23.0",
      "babel-preset-es2015": "^6.24.1",
      "babel-register": "^6.24.1",
      "bcrypt": "^1.0.3",
      "body-parser": "^1.17.2",
      "cors": "^2.8.4",
      "express": "^4.15.3",
      "express-graphql": "^0.6.6",
      "express-jwt": "^5.3.1",
      "graphql": "^0.10.5",
      "graphql-iso-date": "^3.5.0",
      "graphql-relay": "^0.5.5",
      "graphql-sequelize": "^8.0.0",
      "graphql-type-json": "^0.2.0",
      "jsonwebtoken": "^8.2.0",
      "multer": "^1.3.0",
      "multer-s3": "^2.7.0",
      "pg": "^7.4.1",
      "pg-hstore": "^2.3.2",
      "ramda": "^0.25.0",
      "react-s3-uploader": "^4.8.0",
      "sequelize": "^4.36.1"
    },
    "devDependencies": {
      "babel-jest": "^22.4.3",
      "babel-plugin-transform-object-rest-spread": "^6.26.0",
      "babel-preset-jest": "^22.4.3",
      "eslint": "^4.18.2",
      "eslint-config-airbnb": "^16.1.0",
      "eslint-plugin-import": "^2.9.0",
      "eslint-plugin-jsx-a11y": "^6.0.3",
      "eslint-plugin-prettier": "^2.6.0",
      "eslint-plugin-react": "^7.7.0",
      "husky": "^0.14.3",
      "istanbul": "^0.4.5",
      "jest": "^22.4.2",
      "mocha": "^5.0.4",
      "nodemon": "^1.17.2",
      "prettier": "^1.11.1",
      "sequelize-cli": "^2.7.0",
      "sqlite": "^2.9.1"
    },
    "scripts": {
      "lint": "eslint .",
      "prettier": "prettier --single-quote --trailing-comma es5 --write src/**/*.js && prettier --single-quote --trailing-comma es5 --write test/**/*.js ",
      "start": "node src/index.js",
      "dev": "nodemon src/index.js --watch common --watch src",
      "test": "jest --watch",
      "testAll": "jest --runInBand --watch",
      "coverage": "istanbul cover ./node_modules/mocha/bin/_mocha -- --recursive -R nyan --timeout 5000 && istanbul report",
      "initSetting": "node init/index.js"
    },
    "jest": {
      "testEnvironment": "node",
      "testPathIgnorePatterns": [
        "/node_modules/"
      ],
      "coverageReporters": [
        "lcov",
        "html"
      ]
    }
  }

yarn manifest: 
  No manifest

Lockfile: 
  No lockfile

Trace: 
  Error: Command failed.
  Exit code: 1
  Command: C:\windows\system32\cmd.exe
  Arguments: /d /s /c node src/index.js
  Directory: E:\Workspace\bizman-v3\graphql
  Output:
  
      at ProcessTermError.MessageError (C:\Users\Vale\AppData\Roaming\nvm\v8.9.4\node_modules\yarn\lib\cli.js:186:110)
      at new ProcessTermError (C:\Users\Vale\AppData\Roaming\nvm\v8.9.4\node_modules\yarn\lib\cli.js:226:113)
      at ChildProcess.<anonymous> (C:\Users\Vale\AppData\Roaming\nvm\v8.9.4\node_modules\yarn\lib\cli.js:30281:17)
      at emitTwo (events.js:126:13)
      at ChildProcess.emit (events.js:214:7)
      at maybeClose (internal/child_process.js:925:16)
      at Process.ChildProcess._handle.onexit (internal/child_process.js:209:5)
